prefix2020/10/17 16:31:10 InfoLog has created
prefix2020/10/17 16:31:10 Database connection is opened
prefix2020/10/17 16:31:10 Init sql script has runned
prefix2020/10/17 16:31:40 InfoLog has created
prefix2020/10/17 16:31:40 Database connection is opened
prefix2020/10/17 16:31:40 Init sql script has runned
prefix2020/10/17 16:57:54 InfoLog has created
prefix2020/10/17 16:57:54 Database connection is opened
prefix2020/10/17 16:57:54 Init sql script has runned
prefix2020/10/17 16:59:27 InfoLog has created
prefix2020/10/17 16:59:27 Database connection is opened
prefix2020/10/17 16:59:27 Init sql script has runned
prefix2020/10/17 17:00:21 InfoLog has created
prefix2020/10/17 17:00:21 Database connection is opened
prefix2020/10/17 17:00:21 Init sql script has runned
prefix2020/10/17 17:00:52 InfoLog has created
prefix2020/10/17 17:00:53 Database connection is opened
prefix2020/10/17 17:00:53 Init sql script has runned
prefix2020/10/17 17:19:20 InfoLog has created
prefix2020/10/17 17:19:20 Database connection is opened
prefix2020/10/17 17:19:20 Init sql script has runned
prefix2020/10/17 17:19:39 InfoLog has created
prefix2020/10/17 17:19:39 Database connection is opened
prefix2020/10/17 17:19:39 Init sql script has runned
prefix2020/10/17 19:08:24 InfoLog has created
prefix2020/10/17 19:08:24 Database connection is opened
prefix2020/10/17 19:08:24 Init sql script has runned
prefix2020/10/17 19:09:05 InfoLog has created
prefix2020/10/17 19:09:05 Database connection is opened
prefix2020/10/17 19:09:05 Init sql script has runned
prefix2020/10/17 19:11:21 InfoLog has created
prefix2020/10/17 19:11:21 Database connection is opened
prefix2020/10/17 19:11:21 Init sql script has runned
prefix2020/10/17 19:19:29 InfoLog has created
prefix2020/10/17 19:19:29 Database connection is opened
prefix2020/10/17 19:19:29 Init sql script has runned
prefix2020/10/17 19:24:02 InfoLog has created
prefix2020/10/17 19:24:02 Database connection is opened
prefix2020/10/17 19:24:02 Init sql script has runned
prefix2020/10/17 19:54:25 InfoLog has created
prefix2020/10/17 19:54:25 Database connection is opened
prefix2020/10/17 19:54:25 Init sql script has runned
prefix2020/10/17 19:59:50 InfoLog has created
prefix2020/10/17 19:59:50 Database connection is opened
prefix2020/10/17 19:59:50 Init sql script has runned
prefix2020/10/17 21:40:54 InfoLog has created
prefix2020/10/17 21:40:54 Database connection is opened
prefix2020/10/17 21:40:54 Init sql script has runned
prefix: 2020/10/17 21:45:03 InfoLog has created
prefix: 2020/10/17 21:45:03 Database connection is opened
prefix: 2020/10/17 21:45:03 Init sql script has runned
prefix: 2020/10/17 22:08:21 InfoLog has created
prefix: 2020/10/17 22:08:21 Database connection is opened
prefix: 2020/10/17 22:08:21 Init sql script has runned
prefix: 2020/10/17 22:22:12 InfoLog has created
prefix: 2020/10/17 22:22:12 Database connection is opened
prefix: 2020/10/17 22:22:12 Init sql script has runned
prefix: 2020/10/17 22:23:20 InfoLog has created
prefix: 2020/10/17 22:23:20 Database connection is opened
prefix: 2020/10/17 22:23:20 Init sql script has runned
prefix: 2020/10/17 22:35:48 InfoLog has created
prefix: 2020/10/17 22:35:48 Database connection is opened
prefix: 2020/10/17 22:35:48 Init sql script has runned
prefix: 2020/10/17 22:36:00 InfoLog has created
prefix: 2020/10/17 22:36:00 Database connection is opened
prefix: 2020/10/17 22:36:00 Init sql script has runned
prefix: 2020/10/17 22:43:07 InfoLog has created
prefix: 2020/10/17 22:43:07 Database connection is opened
prefix: 2020/10/17 22:43:07 Init sql script has runned
prefix: 2020/10/17 22:44:53 InfoLog has created
prefix: 2020/10/17 22:44:53 Database connection is opened
prefix: 2020/10/17 22:44:53 Init sql script has runned
prefix: 2020/10/17 22:45:26 InfoLog has created
prefix: 2020/10/17 22:45:26 Database connection is opened
prefix: 2020/10/17 22:45:26 Init sql script has runned
prefix: 2020/10/17 23:04:08 InfoLog has created
prefix: 2020/10/17 23:04:08 Database connection is opened
prefix: 2020/10/17 23:04:08 Init sql script has runned
prefix: 2020/10/17 23:06:40 InfoLog has created
prefix: 2020/10/17 23:06:40 Database connection is opened
prefix: 2020/10/17 23:06:40 Init sql script has runned
prefix: 2020/10/17 23:08:19 InfoLog has created
prefix: 2020/10/17 23:08:19 Database connection is opened
prefix: 2020/10/17 23:08:19 Init sql script has runned
prefix: 2020/10/17 23:13:05 InfoLog has created
prefix: 2020/10/17 23:13:06 Database connection is opened
prefix: 2020/10/17 23:13:06 Init sql script has runned
prefix: 2020/10/17 23:18:59 InfoLog has created
prefix: 2020/10/17 23:18:59 Database connection is opened
prefix: 2020/10/17 23:18:59 Init sql script has runned
prefix: 2020/10/17 23:22:15 InfoLog has created
prefix: 2020/10/17 23:22:15 Database connection is opened
prefix: 2020/10/17 23:22:15 Init sql script has runned
prefix: 2020/10/17 23:24:26 InfoLog has created
prefix: 2020/10/17 23:24:26 Database connection is opened
prefix: 2020/10/17 23:24:26 Init sql script has runned
prefix: 2020/10/17 23:24:45 InfoLog has created
prefix: 2020/10/17 23:24:45 Database connection is opened
prefix: 2020/10/17 23:24:45 Init sql script has runned
prefix: 2020/10/17 23:30:13 InfoLog has created
prefix: 2020/10/17 23:30:13 Database connection is opened
prefix: 2020/10/17 23:30:13 Init sql script has runned
prefix: 2020/10/17 23:49:57 InfoLog has created
prefix: 2020/10/17 23:49:57 Database connection is opened
prefix: 2020/10/17 23:49:57 Init sql script has runned
prefix: 2020/10/17 23:52:34 InfoLog has created
prefix: 2020/10/17 23:52:34 Database connection is opened
prefix: 2020/10/17 23:52:34 Init sql script has runned
prefix: 2020/10/17 23:56:26 InfoLog has created
prefix: 2020/10/17 23:56:26 Database connection is opened
prefix: 2020/10/17 23:56:26 Init sql script has runned
prefix: 2020/10/18 11:02:32 InfoLog has created
prefix: 2020/10/18 11:02:32 Database connection is opened
prefix: 2020/10/18 11:02:32 Init sql script has runned
prefix: 2020/10/18 11:04:34 InfoLog has created
prefix: 2020/10/18 11:04:34 Database connection is opened
prefix: 2020/10/18 11:04:34 Init sql script has runned
prefix: 2020/10/18 11:34:22 InfoLog has created
prefix: 2020/10/18 11:34:22 Database connection is opened
prefix: 2020/10/18 11:34:22 Init sql script has runned
prefix: 2020/10/18 12:34:25 InfoLog has created
prefix: 2020/10/18 12:34:25 Database connection is opened
prefix: 2020/10/18 12:34:25 Init sql script has runned
prefix: 2020/10/18 12:49:23 InfoLog has created
prefix: 2020/10/18 12:49:23 Database connection is opened
prefix: 2020/10/18 12:49:23 Init sql script has runned
prefix: 2020/10/18 12:54:08 InfoLog has created
prefix: 2020/10/18 12:54:08 Database connection is opened
prefix: 2020/10/18 12:54:08 Init sql script has runned
prefix: 2020/10/18 12:55:26 InfoLog has created
prefix: 2020/10/18 12:55:26 Database connection is opened
prefix: 2020/10/18 12:55:26 Init sql script has runned
prefix: 2020/10/18 14:45:02 InfoLog has created
prefix: 2020/10/18 14:45:02 Database connection is opened
prefix: 2020/10/18 14:45:02 Init sql script has runned
prefix: 2020/10/18 14:46:50 InfoLog has created
prefix: 2020/10/18 14:46:50 Database connection is opened
prefix: 2020/10/18 14:46:50 Init sql script has runned
prefix: 2020/10/18 14:54:48 InfoLog has created
prefix: 2020/10/18 14:54:48 Database connection is opened
prefix: 2020/10/18 14:54:48 Init sql script has runned
prefix: 2020/10/18 14:56:09 InfoLog has created
prefix: 2020/10/18 14:56:09 Database connection is opened
prefix: 2020/10/18 14:56:09 Init sql script has runned
prefix: 2020/10/18 14:58:31 InfoLog has created
prefix: 2020/10/18 14:58:31 Database connection is opened
prefix: 2020/10/18 14:58:31 Init sql script has runned
prefix: 2020/10/18 14:59:19 InfoLog has created
prefix: 2020/10/18 14:59:19 Database connection is opened
prefix: 2020/10/18 14:59:19 Init sql script has runned
prefix: 2020/10/18 15:00:57 InfoLog has created
prefix: 2020/10/18 15:00:57 Database connection is opened
prefix: 2020/10/18 15:00:57 Init sql script has runned
prefix: 2020/10/18 15:01:41 InfoLog has created
prefix: 2020/10/18 15:01:41 Database connection is opened
prefix: 2020/10/18 15:01:41 Init sql script has runned
prefix: 2020/10/18 15:05:39 InfoLog has created
prefix: 2020/10/18 15:05:39 Database connection is opened
prefix: 2020/10/18 15:05:39 Init sql script has runned
prefix: 2020/10/18 15:06:42 InfoLog has created
prefix: 2020/10/18 15:06:42 Database connection is opened
prefix: 2020/10/18 15:06:42 Init sql script has runned
prefix: 2020/10/18 15:10:04 InfoLog has created
prefix: 2020/10/18 15:10:04 Database connection is opened
prefix: 2020/10/18 15:10:04 Init sql script has runned
prefix: 2020/10/18 15:11:44 InfoLog has created
prefix: 2020/10/18 15:11:44 Database connection is opened
prefix: 2020/10/18 15:11:44 Init sql script has runned
prefix: 2020/10/18 15:19:49 InfoLog has created
prefix: 2020/10/18 15:19:49 Database connection is opened
prefix: 2020/10/18 15:19:49 Init sql script has runned
prefix: 2020/10/18 15:37:23 InfoLog has created
prefix: 2020/10/18 15:37:23 Database connection is opened
prefix: 2020/10/18 15:37:23 Init sql script has runned
prefix: 2020/10/18 15:38:29 InfoLog has created
prefix: 2020/10/18 15:38:29 Database connection is opened
prefix: 2020/10/18 15:38:29 Init sql script has runned
prefix: 2020/10/18 15:51:49 InfoLog has created
prefix: 2020/10/18 15:51:49 Database connection is opened
prefix: 2020/10/18 15:51:49 Init sql script has runned
prefix: 2020/10/18 15:52:23 InfoLog has created
prefix: 2020/10/18 15:52:23 Database connection is opened
prefix: 2020/10/18 15:52:23 Init sql script has runned
prefix: 2020/10/18 15:55:40 InfoLog has created
prefix: 2020/10/18 15:55:40 Database connection is opened
prefix: 2020/10/18 15:55:40 Init sql script has runned
prefix: 2020/10/18 16:24:59 InfoLog has created
prefix: 2020/10/18 16:24:59 Database connection is opened
prefix: 2020/10/18 16:24:59 Init sql script has runned
prefix: 2020/10/18 16:25:51 InfoLog has created
prefix: 2020/10/18 16:25:51 Database connection is opened
prefix: 2020/10/18 16:25:51 Init sql script has runned
prefix: 2020/10/18 16:28:14 InfoLog has created
prefix: 2020/10/18 16:28:14 Database connection is opened
prefix: 2020/10/18 16:28:14 Init sql script has runned
prefix: 2020/10/18 16:28:33 InfoLog has created
prefix: 2020/10/18 16:28:33 Database connection is opened
prefix: 2020/10/18 16:28:33 Init sql script has runned
prefix: 2020/10/18 16:34:38 InfoLog has created
prefix: 2020/10/18 16:34:38 Database connection is opened
prefix: 2020/10/18 16:34:38 Init sql script has runned
prefix: 2020/10/18 16:35:49 InfoLog has created
prefix: 2020/10/18 16:35:49 Database connection is opened
prefix: 2020/10/18 16:35:49 Init sql script has runned
prefix: 2020/10/18 16:36:21 InfoLog has created
prefix: 2020/10/18 16:36:21 Database connection is opened
prefix: 2020/10/18 16:36:21 Init sql script has runned
prefix: 2020/10/18 16:36:48 InfoLog has created
prefix: 2020/10/18 16:36:48 Database connection is opened
prefix: 2020/10/18 16:36:48 Init sql script has runned
prefix: 2020/10/18 16:37:08 InfoLog has created
prefix: 2020/10/18 16:37:08 Database connection is opened
prefix: 2020/10/18 16:37:08 Init sql script has runned
prefix: 2020/10/18 16:54:24 InfoLog has created
prefix: 2020/10/18 16:54:24 Database connection is opened
prefix: 2020/10/18 16:54:24 Init sql script has runned
prefix: 2020/10/18 16:55:57 InfoLog has created
prefix: 2020/10/18 16:55:57 Database connection is opened
prefix: 2020/10/18 16:55:57 Init sql script has runned
prefix: 2020/10/18 17:10:26 InfoLog has created
prefix: 2020/10/18 17:10:26 Database connection is opened
prefix: 2020/10/18 17:10:26 Init sql script has runned
prefix: 2020/10/18 17:11:07 InfoLog has created
prefix: 2020/10/18 17:11:07 Database connection is opened
prefix: 2020/10/18 17:11:07 Init sql script has runned
prefix: 2020/10/18 17:11:53 InfoLog has created
prefix: 2020/10/18 17:11:53 Database connection is opened
prefix: 2020/10/18 17:11:53 Init sql script has runned
prefix: 2020/10/18 17:16:03 InfoLog has created
prefix: 2020/10/18 17:16:03 Database connection is opened
prefix: 2020/10/18 17:16:03 Init sql script has runned
prefix: 2020/10/18 17:17:01 InfoLog has created
prefix: 2020/10/18 17:17:01 Database connection is opened
prefix: 2020/10/18 17:17:01 Init sql script has runned
prefix: 2020/10/18 17:17:29 InfoLog has created
prefix: 2020/10/18 17:17:29 Database connection is opened
prefix: 2020/10/18 17:17:29 Init sql script has runned
prefix: 2020/10/18 18:01:39 InfoLog has created
prefix: 2020/10/18 18:01:39 Database connection is opened
prefix: 2020/10/18 18:01:39 Init sql script has runned
prefix: 2020/10/18 18:04:16 InfoLog has created
prefix: 2020/10/18 18:04:16 Database connection is opened
prefix: 2020/10/18 18:04:16 Init sql script has runned
prefix: 2020/10/18 18:04:44 InfoLog has created
prefix: 2020/10/18 18:04:44 Database connection is opened
prefix: 2020/10/18 18:04:44 Init sql script has runned
prefix: 2020/10/18 18:05:12 InfoLog has created
prefix: 2020/10/18 18:05:12 Database connection is opened
prefix: 2020/10/18 18:05:12 Init sql script has runned
prefix: 2020/10/18 18:07:41 InfoLog has created
prefix: 2020/10/18 18:07:41 Database connection is opened
prefix: 2020/10/18 18:07:41 Init sql script has runned
prefix: 2020/10/18 18:08:36 InfoLog has created
prefix: 2020/10/18 18:08:36 Database connection is opened
prefix: 2020/10/18 18:08:36 Init sql script has runned
prefix: 2020/10/18 18:10:31 InfoLog has created
prefix: 2020/10/18 18:10:31 Database connection is opened
prefix: 2020/10/18 18:10:31 Init sql script has runned
prefix: 2020/10/18 18:15:16 InfoLog has created
prefix: 2020/10/18 18:15:16 Database connection is opened
prefix: 2020/10/18 18:15:16 Init sql script has runned
prefix: 2020/10/18 18:19:51 InfoLog has created
prefix: 2020/10/18 18:19:51 Database connection is opened
prefix: 2020/10/18 18:19:51 Init sql script has runned
prefix: 2020/10/18 18:20:23 InfoLog has created
prefix: 2020/10/18 18:20:23 Database connection is opened
prefix: 2020/10/18 18:20:23 Init sql script has runned
prefix: 2020/10/18 18:28:54 InfoLog has created
prefix: 2020/10/18 18:28:54 Database connection is opened
prefix: 2020/10/18 18:28:54 Init sql script has runned
prefix: 2020/10/18 18:29:14 InfoLog has created
prefix: 2020/10/18 18:29:14 Database connection is opened
prefix: 2020/10/18 18:29:14 Init sql script has runned
prefix: 2020/10/18 18:29:59 InfoLog has created
prefix: 2020/10/18 18:29:59 Database connection is opened
prefix: 2020/10/18 18:29:59 Init sql script has runned
prefix: 2020/10/18 18:33:53 InfoLog has created
prefix: 2020/10/18 18:33:53 Database connection is opened
prefix: 2020/10/18 18:33:53 Init sql script has runned
prefix: 2020/10/18 18:34:43 InfoLog has created
prefix: 2020/10/18 18:34:43 Database connection is opened
prefix: 2020/10/18 18:34:43 Init sql script has runned
prefix: 2020/10/18 18:34:50 InfoLog has created
prefix: 2020/10/18 18:34:50 Database connection is opened
prefix: 2020/10/18 18:34:50 Init sql script has runned
prefix: 2020/10/18 18:35:36 InfoLog has created
prefix: 2020/10/18 18:35:36 Database connection is opened
prefix: 2020/10/18 18:35:36 Init sql script has runned
prefix: 2020/10/18 18:38:09 InfoLog has created
prefix: 2020/10/18 18:38:09 Database connection is opened
prefix: 2020/10/18 18:38:09 Init sql script has runned
prefix: 2020/10/18 18:40:25 InfoLog has created
prefix: 2020/10/18 18:40:25 Database connection is opened
prefix: 2020/10/18 18:40:25 Init sql script has runned
prefix: 2020/10/18 18:40:55 InfoLog has created
prefix: 2020/10/18 18:40:55 Database connection is opened
prefix: 2020/10/18 18:40:55 Init sql script has runned
prefix: 2020/10/18 18:44:24 InfoLog has created
prefix: 2020/10/18 18:44:24 Database connection is opened
prefix: 2020/10/18 18:44:24 Init sql script has runned
prefix: 2020/10/18 18:44:54 InfoLog has created
prefix: 2020/10/18 18:44:54 Database connection is opened
prefix: 2020/10/18 18:44:54 Init sql script has runned
